2025-12-03 12:52:50 INFO  [CheckBoxTest] - Launching chrome browser
2025-12-03 12:52:54 INFO  [CheckBoxTest] - Browser launched successfully.
2025-12-03 12:52:56 INFO  [CheckBoxTest] - Navigating to letskodeit practice page.
2025-12-03 12:53:15 INFO  [CheckBoxTest] - BMW checkbox not selected — clicking it.
2025-12-03 12:53:15 INFO  [CheckBoxTest] - Checking if Benz checkbox is displayed.
2025-12-03 12:53:15 INFO  [CheckBoxTest] - Benz checkbox displayed — clicking it.
2025-12-03 12:53:15 INFO  [CheckBoxTest] - Checking if Honda checkbox is enabled.
2025-12-03 12:53:15 INFO  [CheckBoxTest] - Honda checkbox enabled — clicking it.
2025-12-03 12:53:15 INFO  [CheckBoxTest] - Taking screenshot...
2025-12-03 12:53:16 INFO  [CheckBoxTest] - Closing browser...
2025-12-03 12:53:16 INFO  [CheckBoxTest] - Browser closed successfully.
2025-12-04 10:07:34 INFO  [CheckBoxTest] - Selecting the file for uploading
2025-12-04 10:26:42 INFO  [CheckBoxTest] - Selecting the multiple files for uploading
2025-12-04 10:26:44 INFO  [CheckBoxTest] - Selecting the file for uploading
2025-12-04 10:32:01 INFO  [CheckBoxTest] - Selecting the multiple files for uploading
2025-12-04 10:32:04 INFO  [CheckBoxTest] - Selecting the file for uploading
2025-12-08 12:20:22 INFO  [CheckBoxTest] - Waiting for suggetsions to appear
2025-12-08 12:20:23 INFO  [CheckBoxTest] - Selected the targeted option successfully
2025-12-10 17:51:22 INFO  [CheckBoxTest] - Launching chrome browser
2025-12-10 17:51:22 INFO  [CheckBoxTest] - Launching chrome browser
2025-12-10 17:51:25 INFO  [CheckBoxTest] - Browser launched successfully.
2025-12-10 17:51:25 INFO  [CheckBoxTest] - Browser launched successfully.
2025-12-10 18:15:36 INFO  [CheckBoxTest] - Launching chrome browser
2025-12-10 18:15:38 INFO  [CheckBoxTest] - Launching chrome browser
2025-12-10 18:15:39 INFO  [CheckBoxTest] - Browser launched successfully.
2025-12-10 18:15:41 INFO  [CheckBoxTest] - Browser launched successfully.
2025-12-10 18:19:25 INFO  [CheckBoxTest] - Launching chrome browser
2025-12-10 18:19:25 INFO  [CheckBoxTest] - Launching chrome browser
2025-12-10 18:19:27 INFO  [CheckBoxTest] - Browser launched successfully.
2025-12-10 18:19:27 INFO  [CheckBoxTest] - Browser launched successfully.
2025-12-10 18:56:43 INFO  [CheckBoxTest] - Launching chrome browser
2025-12-10 18:56:44 INFO  [CheckBoxTest] - Launching chrome browser
2025-12-10 18:56:47 INFO  [CheckBoxTest] - Browser launched successfully.
2025-12-10 18:56:48 INFO  [CheckBoxTest] - Browser launched successfully.
2025-12-10 19:15:37 INFO  [CheckBoxTest] - Navigating to letskodeit practice page.
2025-12-10 19:20:52 INFO  [CheckBoxTest] - Closing browser...
2025-12-10 19:20:52 INFO  [CheckBoxTest] - Browser closed successfully.
2025-12-10 19:42:03 INFO  [CheckBoxTest] - Launching chrome browser
2025-12-10 19:42:05 INFO  [CheckBoxTest] - Browser launched successfully.
2025-12-10 19:42:08 INFO  [CheckBoxTest] - Launching chrome browser
2025-12-10 19:42:10 INFO  [CheckBoxTest] - Browser launched successfully.
2025-12-10 19:52:33 INFO  [CheckBoxTest] - Waiting for suggetsions to appear
2025-12-10 19:52:36 INFO  [CheckBoxTest] - Selected the targeted option successfully
2025-12-10 19:54:21 INFO  [CheckBoxTest] - Navigating to letskodeit practice page.
2025-12-10 19:54:40 INFO  [CheckBoxTest] - BMW checkbox not selected — clicking it.
2025-12-10 19:54:40 INFO  [CheckBoxTest] - Checking if Benz checkbox is displayed.
2025-12-10 19:54:40 INFO  [CheckBoxTest] - Benz checkbox displayed — clicking it.
2025-12-10 19:54:40 INFO  [CheckBoxTest] - Checking if Honda checkbox is enabled.
2025-12-10 19:54:40 INFO  [CheckBoxTest] - Honda checkbox enabled — clicking it.
2025-12-10 19:54:40 INFO  [CheckBoxTest] - Taking screenshot...
2025-12-10 19:55:59 INFO  [CheckBoxTest] - Selecting the multiple files for uploading
2025-12-10 19:56:03 INFO  [CheckBoxTest] - Selecting the file for uploading
2025-12-10 20:01:19 INFO  [CheckBoxTest] - Closing browser...
2025-12-10 20:01:19 INFO  [CheckBoxTest] - Browser closed successfully.
2025-12-11 21:10:58 INFO  [CheckBoxTest] - Launching chrome browser
2025-12-11 21:11:01 INFO  [CheckBoxTest] - Browser launched successfully.
2025-12-12 10:49:50 INFO  [CheckBoxTest] - Waiting for suggetsions to appear
2025-12-12 10:49:50 INFO  [CheckBoxTest] - Selected the targeted option successfully
2025-12-12 11:12:24 INFO  [CheckBoxTest] - Obtaining driver from BaseTest/DriverFactory
2025-12-12 11:13:15 INFO  [CheckBoxTest] - Obtaining driver from BaseTest/DriverFactory
2025-12-12 11:23:28 INFO  [CheckBoxTest] - Obtaining driver from BaseTest/DriverFactory
2025-12-12 11:24:32 INFO  [CheckBoxTest] - Obtaining driver from BaseTest/DriverFactory
2025-12-12 11:34:22 INFO  [CheckBoxTest] - Navigating to letskodeit practice page.
2025-12-12 11:34:30 INFO  [CheckBoxTest] - BMW checkbox not selected — clicking it.
2025-12-12 11:34:30 INFO  [CheckBoxTest] - Checking if Benz checkbox is displayed.
2025-12-12 11:34:30 INFO  [CheckBoxTest] - Benz checkbox displayed — clicking it.
2025-12-12 11:34:30 INFO  [CheckBoxTest] - Checking if Honda checkbox is enabled.
2025-12-12 11:34:30 INFO  [CheckBoxTest] - Honda checkbox enabled — clicking it.
2025-12-12 11:34:30 INFO  [CheckBoxTest] - Taking screenshot...
2025-12-12 13:56:13 INFO  [DymamicWebTable] - Obtained driver from BaseTest/DriverFactory
2025-12-12 14:06:26 INFO  [DynamicButtonDemoTest] - Obtained driver from BaseTest/DriverFactory
2025-12-12 14:08:46 INFO  [EnableDisableDemoTest] - Driver successfully initialized for EnableDisableDemoTest
2025-12-12 14:24:27 INFO  [FileUploadDemoTest] - Obtained driver from BaseTest/DriverFactory
2025-12-12 14:24:34 INFO  [FileUploadDemoTest] - Selecting multiple files for uploading
2025-12-12 14:24:34 INFO  [FileUploadDemoTest] - Multiple upload status: Multiple files selected:
Multi1.txt, Size: 47 bytes, Type: text/plain
Nature1.jpg, Size: 212358 bytes, Type: image/jpeg
Flower1.jpg, Size: 8284 bytes, Type: image/jpeg
2025-12-12 14:24:34 INFO  [FileUploadDemoTest] - Multiple files upload appears successful.
2025-12-12 14:24:34 INFO  [FileUploadDemoTest] - Test finished. BaseTest will handle driver cleanup.
2025-12-12 14:24:36 INFO  [FileUploadDemoTest] - Obtained driver from BaseTest/DriverFactory
2025-12-12 14:24:42 INFO  [FileUploadDemoTest] - Selecting the file for uploading (single)
2025-12-12 14:24:42 INFO  [FileUploadDemoTest] - Single file upload completed: Single file selected: SampleSingleFile.txt, Size: 40 bytes, Type: text/plain
2025-12-12 14:24:42 INFO  [FileUploadDemoTest] - Test finished. BaseTest will handle driver cleanup.
2025-12-12 14:44:17 INFO  [HideShowDemoTest] - Obtaining driver from BaseTest/DriverFactory
2025-12-12 16:29:14 INFO  [AutoCompleteDemoTest] - Waiting for suggestions to appear
2025-12-12 16:29:15 INFO  [AutoCompleteDemoTest] - Selected the targeted option successfully
2025-12-12 16:30:02 INFO  [CheckBoxTest] - Navigating to letskodeit practice page.
2025-12-12 16:30:14 INFO  [CheckBoxTest] - BMW checkbox not selected — clicking it.
2025-12-12 16:30:14 INFO  [CheckBoxTest] - Checking if Benz checkbox is displayed.
2025-12-12 16:30:14 INFO  [CheckBoxTest] - Benz checkbox displayed — clicking it.
2025-12-12 16:30:14 INFO  [CheckBoxTest] - Checking if Honda checkbox is enabled.
2025-12-12 16:30:14 INFO  [CheckBoxTest] - Honda checkbox enabled — clicking it.
2025-12-12 16:30:14 INFO  [CheckBoxTest] - Taking screenshot...
2025-12-12 16:31:24 INFO  [DymamicWebTable] - Obtained driver from BaseTest/DriverFactory
2025-12-12 16:31:33 INFO  [DynamicButtonDemoTest] - Obtained driver from BaseTest/DriverFactory
2025-12-12 16:31:40 INFO  [EnableDisableDemoTest] - Driver successfully initialized for EnableDisableDemoTest
2025-12-12 16:31:52 INFO  [FileUploadDemoTest] - Obtained driver from BaseTest/DriverFactory
2025-12-12 16:31:58 INFO  [FileUploadDemoTest] - Selecting multiple files for uploading
2025-12-12 16:31:58 INFO  [FileUploadDemoTest] - Multiple upload status: Multiple files selected:
Multi1.txt, Size: 47 bytes, Type: text/plain
Nature1.jpg, Size: 212358 bytes, Type: image/jpeg
Flower1.jpg, Size: 8284 bytes, Type: image/jpeg
2025-12-12 16:31:58 INFO  [FileUploadDemoTest] - Multiple files upload appears successful.
2025-12-12 16:31:58 INFO  [FileUploadDemoTest] - Test finished. BaseTest will handle driver cleanup.
2025-12-12 16:32:00 INFO  [FileUploadDemoTest] - Obtained driver from BaseTest/DriverFactory
2025-12-12 16:32:06 INFO  [FileUploadDemoTest] - Selecting the file for uploading (single)
2025-12-12 16:32:06 INFO  [FileUploadDemoTest] - Single file upload completed: Single file selected: SampleSingleFile.txt, Size: 40 bytes, Type: text/plain
2025-12-12 16:32:06 INFO  [FileUploadDemoTest] - Test finished. BaseTest will handle driver cleanup.
2025-12-12 16:32:19 INFO  [HideShowDemoTest] - Obtaining driver from BaseTest/DriverFactory
2025-12-12 17:00:20 INFO  [AutoCompleteDemoTest] - Waiting for suggestions to appear
2025-12-12 17:00:21 INFO  [AutoCompleteDemoTest] - Selected the targeted option successfully
2025-12-12 17:00:53 INFO  [CheckBoxTest] - Navigating to letskodeit practice page.
2025-12-12 17:01:01 INFO  [CheckBoxTest] - BMW checkbox not selected — clicking it.
2025-12-12 17:01:01 INFO  [CheckBoxTest] - Checking if Benz checkbox is displayed.
2025-12-12 17:01:01 INFO  [CheckBoxTest] - Benz checkbox displayed — clicking it.
2025-12-12 17:01:01 INFO  [CheckBoxTest] - Checking if Honda checkbox is enabled.
2025-12-12 17:01:01 INFO  [CheckBoxTest] - Honda checkbox enabled — clicking it.
2025-12-12 17:01:01 INFO  [CheckBoxTest] - Taking screenshot...
2025-12-12 17:02:10 INFO  [DymamicWebTable] - Obtained driver from BaseTest/DriverFactory
2025-12-12 17:02:16 INFO  [DynamicButtonDemoTest] - Obtained driver from BaseTest/DriverFactory
2025-12-12 17:02:22 INFO  [EnableDisableDemoTest] - Driver successfully initialized for EnableDisableDemoTest
2025-12-12 17:02:33 INFO  [FileUploadDemoTest] - Obtained driver from BaseTest/DriverFactory
2025-12-12 17:02:38 INFO  [FileUploadDemoTest] - Selecting multiple files for uploading
2025-12-12 17:02:38 INFO  [FileUploadDemoTest] - Multiple upload status: Multiple files selected:
Multi1.txt, Size: 47 bytes, Type: text/plain
Nature1.jpg, Size: 212358 bytes, Type: image/jpeg
Flower1.jpg, Size: 8284 bytes, Type: image/jpeg
2025-12-12 17:02:38 INFO  [FileUploadDemoTest] - Multiple files upload appears successful.
2025-12-12 17:02:38 INFO  [FileUploadDemoTest] - Test finished. BaseTest will handle driver cleanup.
2025-12-12 17:02:40 INFO  [FileUploadDemoTest] - Obtained driver from BaseTest/DriverFactory
2025-12-12 17:02:45 INFO  [FileUploadDemoTest] - Selecting the file for uploading (single)
2025-12-12 17:02:45 INFO  [FileUploadDemoTest] - Single file upload completed: Single file selected: SampleSingleFile.txt, Size: 40 bytes, Type: text/plain
2025-12-12 17:02:45 INFO  [FileUploadDemoTest] - Test finished. BaseTest will handle driver cleanup.
2025-12-12 17:02:57 INFO  [HideShowDemoTest] - Obtaining driver from BaseTest/DriverFactory
2025-12-18 16:15:11 WARN  [CheckBoxTest] - Driver from BaseTest was null in CheckBoxTest.setup — creating a local chrome driver as fallback.
2025-12-18 16:15:11 INFO  [FileUploadDemoTest] - Test finished. BaseTest will handle driver cleanup.
2025-12-18 16:15:11 INFO  [FileUploadDemoTest] - Test finished. BaseTest will handle driver cleanup.
2025-12-18 16:57:38 INFO  [AutoCompleteDemoTest] - Waiting for suggestions to appear
2025-12-18 16:57:38 INFO  [AutoCompleteDemoTest] - Selected the targeted option successfully
2025-12-18 16:58:08 INFO  [CheckBoxTest] - Navigating to letskodeit practice page.
2025-12-18 16:58:13 INFO  [CheckBoxTest] - BMW checkbox not selected — clicking it.
2025-12-18 16:58:13 INFO  [CheckBoxTest] - Checking if Benz checkbox is displayed.
2025-12-18 16:58:13 INFO  [CheckBoxTest] - Benz checkbox displayed — clicking it.
2025-12-18 16:58:14 INFO  [CheckBoxTest] - Checking if Honda checkbox is enabled.
2025-12-18 16:58:14 INFO  [CheckBoxTest] - Honda checkbox enabled — clicking it.
2025-12-18 16:58:14 INFO  [CheckBoxTest] - Taking screenshot...
2025-12-18 16:59:12 INFO  [DymamicWebTable] - Obtained driver from BaseTest/DriverFactory
2025-12-18 16:59:19 INFO  [DynamicButtonDemoTest] - Obtained driver from BaseTest/DriverFactory
2025-12-18 16:59:27 INFO  [EnableDisableDemoTest] - Driver successfully initialized for EnableDisableDemoTest
2025-12-18 16:59:35 INFO  [FileUploadDemoTest] - Obtained driver from BaseTest/DriverFactory
2025-12-18 16:59:40 INFO  [FileUploadDemoTest] - Selecting multiple files for uploading
2025-12-18 16:59:40 INFO  [FileUploadDemoTest] - Multiple upload status: Multiple files selected:
Multi1.txt, Size: 47 bytes, Type: text/plain
Nature1.jpg, Size: 212358 bytes, Type: image/jpeg
Flower1.jpg, Size: 8284 bytes, Type: image/jpeg
2025-12-18 16:59:40 INFO  [FileUploadDemoTest] - Multiple files upload appears successful.
2025-12-18 16:59:41 INFO  [FileUploadDemoTest] - Test finished. BaseTest will handle driver cleanup.
2025-12-18 16:59:43 INFO  [FileUploadDemoTest] - Obtained driver from BaseTest/DriverFactory
2025-12-18 16:59:48 INFO  [FileUploadDemoTest] - Selecting the file for uploading (single)
2025-12-18 16:59:49 INFO  [FileUploadDemoTest] - Single file upload completed: Single file selected: SampleSingleFile.txt, Size: 40 bytes, Type: text/plain
2025-12-18 16:59:49 INFO  [FileUploadDemoTest] - Test finished. BaseTest will handle driver cleanup.
2025-12-18 16:59:58 INFO  [HideShowDemoTest] - Obtaining driver from BaseTest/DriverFactory
2025-12-18 17:16:00 INFO  [AutoCompleteDemoTest] - Waiting for suggestions to appear
2025-12-18 17:16:01 INFO  [AutoCompleteDemoTest] - Selected the targeted option successfully
2025-12-18 17:16:38 INFO  [CheckBoxTest] - Navigating to letskodeit practice page.
2025-12-18 17:16:43 INFO  [CheckBoxTest] - BMW checkbox not selected — clicking it.
2025-12-18 17:16:43 INFO  [CheckBoxTest] - Checking if Benz checkbox is displayed.
2025-12-18 17:16:43 INFO  [CheckBoxTest] - Benz checkbox displayed — clicking it.
2025-12-18 17:16:43 INFO  [CheckBoxTest] - Checking if Honda checkbox is enabled.
2025-12-18 17:16:43 INFO  [CheckBoxTest] - Honda checkbox enabled — clicking it.
2025-12-18 17:16:43 INFO  [CheckBoxTest] - Taking screenshot...
2025-12-18 17:17:47 INFO  [DymamicWebTable] - Obtained driver from BaseTest/DriverFactory
2025-12-18 17:17:54 INFO  [DynamicButtonDemoTest] - Obtained driver from BaseTest/DriverFactory
2025-12-18 17:18:02 INFO  [EnableDisableDemoTest] - Driver successfully initialized for EnableDisableDemoTest
2025-12-18 17:18:10 INFO  [FileUploadDemoTest] - Obtained driver from BaseTest/DriverFactory
2025-12-18 17:18:16 INFO  [FileUploadDemoTest] - Selecting multiple files for uploading
2025-12-18 17:18:16 INFO  [FileUploadDemoTest] - Multiple upload status: Multiple files selected:
Multi1.txt, Size: 47 bytes, Type: text/plain
Nature1.jpg, Size: 212358 bytes, Type: image/jpeg
Flower1.jpg, Size: 8284 bytes, Type: image/jpeg
2025-12-18 17:18:16 INFO  [FileUploadDemoTest] - Multiple files upload appears successful.
2025-12-18 17:18:16 INFO  [FileUploadDemoTest] - Test finished. BaseTest will handle driver cleanup.
2025-12-18 17:18:19 INFO  [FileUploadDemoTest] - Obtained driver from BaseTest/DriverFactory
2025-12-18 17:18:24 INFO  [FileUploadDemoTest] - Selecting the file for uploading (single)
2025-12-18 17:18:24 INFO  [FileUploadDemoTest] - Single file upload completed: Single file selected: SampleSingleFile.txt, Size: 40 bytes, Type: text/plain
2025-12-18 17:18:25 INFO  [FileUploadDemoTest] - Test finished. BaseTest will handle driver cleanup.
2025-12-18 17:18:35 INFO  [HideShowDemoTest] - Obtaining driver from BaseTest/DriverFactory
2025-12-31 14:37:22 INFO  [CheckBoxTest] - Navigating to letskodeit practice page for finding the shadow DOM element.
2025-12-31 14:38:59 INFO  [CheckBoxTest] - Navigating to testautomationpractice website page for finding the shadow DOM element.
2025-12-31 14:39:04 INFO  [CheckBoxTest] - Shadow element found successfully.
2025-12-31 14:40:53 INFO  [CheckBoxTest] - Navigating to testautomationpractice website page for finding the shadow DOM element.
2025-12-31 14:40:59 INFO  [CheckBoxTest] - Shadow element found successfully.
2026-01-04 10:40:07 INFO  [CheckBoxTest] - Navigating to testautomationpractice website page for finding the shadow DOM element.
2026-01-04 10:40:14 INFO  [CheckBoxTest] - Shadow element found successfully.
2026-01-14 17:17:51 INFO  [CheckBoxTest] - Starting the test for parameterization using testNG xml
2026-01-14 17:34:19 INFO  [CheckBoxTest] - Starting the test for parameterization using testNG xml
2026-01-14 17:39:25 INFO  [CheckBoxTest] - Starting the test for parameterization using testNG xml
2026-01-14 17:44:12 INFO  [CheckBoxTest] - Starting the test for parameterization using testNG xml
2026-01-14 18:06:28 INFO  [CheckBoxTest] - Starting the test for parameterization using dataprovider
2026-01-14 18:06:40 INFO  [CheckBoxTest] - Starting the test for parameterization using dataprovider
2026-01-14 18:07:11 INFO  [CheckBoxTest] - Starting the test for parameterization using dataprovider
2026-01-14 18:18:17 INFO  [CheckBoxTest] - Starting the test for parameterization using dataprovider
2026-01-14 18:18:26 INFO  [CheckBoxTest] - Starting the test for parameterization using dataprovider
2026-01-14 18:18:36 INFO  [CheckBoxTest] - Starting the test for parameterization using dataprovider
2026-01-14 18:20:42 INFO  [CheckBoxTest] - Starting the test for parameterization using dataprovider
2026-01-14 18:20:54 INFO  [CheckBoxTest] - Starting the test for parameterization using dataprovider
2026-01-14 18:21:04 INFO  [CheckBoxTest] - Starting the test for parameterization using dataprovider
2026-01-14 18:24:10 INFO  [CheckBoxTest] - Starting the test for parameterization using dataprovider
2026-01-14 18:24:23 INFO  [CheckBoxTest] - Starting the test for parameterization using dataprovider
2026-01-14 18:24:34 INFO  [CheckBoxTest] - Starting the test for parameterization using dataprovider
